<?xml version="1.0" encoding="UTF-8"?>
<!-- Generated by org.testng.reporters.JUnitXMLReporter -->
<testsuite ignored="0" hostname="Prasanna" failures="0" tests="7" name="Default test" time="88.455" errors="0" timestamp="2024-02-07T17:48:29 IST">
  <testcase classname="zenkenIndia.company.Login" name="invalidLoginBlankFields" time="1.383"/>
  <testcase classname="zenkenIndia.company.Login" name="invalidLoginIdBlank" time="11.38"/>
  <testcase classname="zenkenIndia.company.Login" name="invalidLoginIncorrectId" time="1.659"/>
  <testcase classname="zenkenIndia.company.Login" name="invalidLoginIncorrectPassword" time="1.725"/>
  <testcase classname="zenkenIndia.company.Login" name="invalidLoginInvalidId" time="1.394"/>
  <testcase classname="zenkenIndia.company.Login" name="invalidLoginPasswordBlank" time="15.023"/>
  <testcase classname="zenkenIndia.company.Login" name="validLogin" time="3.795"/>
</testsuite> <!-- Default test -->
