<?xml version="1.0" encoding="UTF-8"?>
<!-- Generated by org.testng.reporters.JUnitXMLReporter -->
<testsuite ignored="0" hostname="Prasanna" failures="0" tests="7" name="Test2" time="102.237" errors="0" timestamp="2024-02-14T15:19:42 IST">
  <testcase classname="zenkenIndia.company.Login" name="invalidLoginBlankFields" time="5.379"/>
  <testcase classname="zenkenIndia.company.Login" name="invalidLoginIdBlank" time="11.888"/>
  <testcase classname="zenkenIndia.company.Login" name="invalidLoginIncorrectId" time="2.309"/>
  <testcase classname="zenkenIndia.company.Login" name="invalidLoginIncorrectPassword" time="2.439"/>
  <testcase classname="zenkenIndia.company.Login" name="invalidLoginInvalidId" time="2.104"/>
  <testcase classname="zenkenIndia.company.Login" name="invalidLoginPasswordBlank" time="19.587"/>
  <testcase classname="zenkenIndia.company.Login" name="validLogin" time="4.905"/>
</testsuite> <!-- Test2 -->
