<?xml version="1.0" encoding="UTF-8"?>
<!-- Generated by org.testng.reporters.JUnitXMLReporter -->
<testsuite ignored="0" hostname="Prasanna" failures="0" tests="7" name="Test2" time="90.279" errors="0" timestamp="2024-02-13T16:37:25 IST">
  <testcase classname="zenkenIndia.company.Login" name="invalidLoginBlankFields" time="1.615"/>
  <testcase classname="zenkenIndia.company.Login" name="invalidLoginIdBlank" time="11.568"/>
  <testcase classname="zenkenIndia.company.Login" name="invalidLoginIncorrectId" time="5.499"/>
  <testcase classname="zenkenIndia.company.Login" name="invalidLoginIncorrectPassword" time="1.877"/>
  <testcase classname="zenkenIndia.company.Login" name="invalidLoginInvalidId" time="1.651"/>
  <testcase classname="zenkenIndia.company.Login" name="invalidLoginPasswordBlank" time="11.596"/>
  <testcase classname="zenkenIndia.company.Login" name="validLogin" time="2.749"/>
</testsuite> <!-- Test2 -->
