<?xml version="1.0" encoding="UTF-8"?>
<!-- Generated by org.testng.reporters.JUnitXMLReporter -->
<testsuite ignored="0" hostname="Prasanna" failures="0" tests="11" name="Test" time="127.992" errors="0" timestamp="2024-02-22T17:11:22 IST">
  <testcase classname="zenkenIndia.candidate.NewRegistration" name="invalidRegBlankFields" time="1.924"/>
  <testcase classname="zenkenIndia.candidate.NewRegistration" name="invalidRegExceedFields" time="3.328"/>
  <testcase classname="zenkenIndia.candidate.NewRegistration" name="invalidRegExistingEmail" time="2.009"/>
  <testcase classname="zenkenIndia.candidate.NewRegistration" name="invalidRegInvalidId" time="32.082"/>
  <testcase classname="zenkenIndia.candidate.NewRegistration" name="invalidRegInvalidPass1" time="12.04"/>
  <testcase classname="zenkenIndia.candidate.NewRegistration" name="invalidRegInvalidPass2" time="2.223"/>
  <testcase classname="zenkenIndia.candidate.NewRegistration" name="invalidRegInvalidPass3" time="2.083"/>
  <testcase classname="zenkenIndia.candidate.NewRegistration" name="invalidRegInvalidPass4" time="2.5"/>
  <testcase classname="zenkenIndia.candidate.NewRegistration" name="validRegistration" time="2.677"/>
  <testcase classname="zenkenIndia.candidate.NewRegistration" name="verifyDropdowns" time="2.449"/>
  <testcase classname="zenkenIndia.candidate.NewRegistration" name="verifyRadioButtons" time="0.213"/>
</testsuite> <!-- Test -->
